Recepcion/app/build/outputs/logs/manifest-merger-debug-report.txt
-- Merging decision tree log ---
manifest
ADDED from AndroidManifest.xml:2:1
	xmlns:android
		ADDED from AndroidManifest.xml:2:11
	package
		ADDED from AndroidManifest.xml:3:5
		INJECTED from AndroidManifest.xml:0:0
		INJECTED from AndroidManifest.xml:0:0
	android:versionName
		INJECTED from AndroidManifest.xml:0:0
		INJECTED from AndroidManifest.xml:0:0
	android:versionCode
		INJECTED from AndroidManifest.xml:0:0
		INJECTED from AndroidManifest.xml:0:0
uses-permission#android.permission.INTERNET
ADDED from AndroidManifest.xml:4:6
	android:name
		ADDED from AndroidManifest.xml:4:23
application
ADDED from AndroidManifest.xml:5:6
MERGED from com.android.support:appcompat-v7:21.0.3:16:5
MERGED from com.android.support:support-v4:21.0.3:16:5
	android:label
		ADDED from AndroidManifest.xml:8:9
	android:allowBackup
		ADDED from AndroidManifest.xml:6:9
	android:icon
		ADDED from AndroidManifest.xml:7:9
	android:theme
		ADDED from AndroidManifest.xml:9:9
activity#es.vallesoft.recepcion.Preferencias
ADDED from AndroidManifest.xml:10:9
	android:label
		ADDED from AndroidManifest.xml:12:14
	android:name
		ADDED from AndroidManifest.xml:11:14
intent-filter#android.intent.action.MAIN+android.intent.category.LAUNCHER
ADDED from AndroidManifest.xml:13:14
action#android.intent.action.MAIN
ADDED from AndroidManifest.xml:14:18
	android:name
		ADDED from AndroidManifest.xml:14:26
category#android.intent.category.LAUNCHER
ADDED from AndroidManifest.xml:15:18
	android:name
		ADDED from AndroidManifest.xml:15:28
activity#es.vallesoft.recepcion.Recepcion
ADDED from AndroidManifest.xml:18:10
	android:label
		ADDED from AndroidManifest.xml:20:14
	android:name
		ADDED from AndroidManifest.xml:19:14
intent-filter#android.intent.action.MAIN
ADDED from AndroidManifest.xml:21:14
service#es.vallesoft.util.ServicioCom
ADDED from AndroidManifest.xml:25:10
	android:exported
		ADDED from AndroidManifest.xml:28:14
	android:enabled
		ADDED from AndroidManifest.xml:27:14
	android:name
		ADDED from AndroidManifest.xml:26:14
uses-sdk
INJECTED from AndroidManifest.xml:0:0 reason: use-sdk injection requested
MERGED from com.android.support:appcompat-v7:21.0.3:15:5
MERGED from com.android.support:support-v4:21.0.3:15:5
	android:targetSdkVersion
		INJECTED from AndroidManifest.xml:0:0
		INJECTED from AndroidManifest.xml:0:0
	android:minSdkVersion
		INJECTED from AndroidManifest.xml:0:0
		INJECTED from AndroidManifest.xml:0:0